#
# There is insufficient memory for the Java Runtime Environment to continue.
# Native memory allocation (malloc) failed to allocate 562896 bytes for Chunk::new
# Possible reasons:
#   The system is out of physical RAM or swap space
#   The process is running with CompressedOops enabled, and the Java Heap may be blocking the growth of the native heap
# Possible solutions:
#   Reduce memory load on the system
#   Increase physical memory or swap space
#   Check if swap backing store is full
#   Decrease Java heap size (-Xmx/-Xms)
#   Decrease number of Java threads
#   Decrease Java thread stack sizes (-Xss)
#   Set larger code cache with -XX:ReservedCodeCacheSize=
#   JVM is running with Unscaled Compressed Oops mode in which the Java heap is
#     placed in the first 4GB address space. The Java Heap base address is the
#     maximum limit for the native heap growth. Please use -XX:HeapBaseMinAddress
#     to set the Java Heap base and to place the Java Heap above 4GB virtual address.
# This output file may be truncated or incomplete.
#
#  Out of Memory Error (allocation.cpp:389), pid=6528, tid=0x0000000000002ff4
#
# JRE version: Java(TM) SE Runtime Environment (8.0_251-b08) (build 1.8.0_251-b08)
# Java VM: Java HotSpot(TM) 64-Bit Server VM (25.251-b08 mixed mode windows-amd64 compressed oops)
# Failed to write core dump. Minidumps are not enabled by default on client versions of Windows
#

---------------  T H R E A D  ---------------

Current thread (0x0000000018cc8800):  JavaThread "C2 CompilerThread1" daemon [_thread_in_native, id=12276, stack(0x00000000194a0000,0x00000000195a0000)]

Stack: [0x00000000194a0000,0x00000000195a0000]
[error occurred during error reporting (printing stack bounds), id 0xc0000005]

Native frames: (J=compiled Java code, j=interpreted, Vv=VM code, C=native code)


Current CompileTask:
C2:  11822  821  s    4       org.apache.log4j.AppenderSkeleton::doAppend (110 bytes)


---------------  P R O C E S S  ---------------

Java Threads: ( => current thread )
  0x0000000018d61800 JavaThread "Service Thread" daemon [_thread_blocked, id=5476, stack(0x00000000196a0000,0x00000000197a0000)]
  0x0000000018cca000 JavaThread "C1 CompilerThread2" daemon [_thread_blocked, id=6568, stack(0x00000000195a0000,0x00000000196a0000)]
=>0x0000000018cc8800 JavaThread "C2 CompilerThread1" daemon [_thread_in_native, id=12276, stack(0x00000000194a0000,0x00000000195a0000)]
  0x0000000018cc5800 JavaThread "C2 CompilerThread0" daemon [_thread_blocked, id=3748, stack(0x00000000193a0000,0x00000000194a0000)]
  0x0000000018cc0000 JavaThread "Monitor Ctrl-Break" daemon [_thread_in_native, id=540, stack(0x00000000192a0000,0x00000000193a0000)]
  0x000000001799e800 JavaThread "Attach Listener" daemon [_thread_blocked, id=7760, stack(0x00000000191a0000,0x00000000192a0000)]
  0x0000000018ca8800 JavaThread "Signal Dispatcher" daemon [_thread_blocked, id=5084, stack(0x00000000190a0000,0x00000000191a0000)]
  0x0000000002e8c000 JavaThread "Finalizer" daemon [_thread_blocked, id=8032, stack(0x0000000018ba0000,0x0000000018ca0000)]
  0x0000000002e83000 JavaThread "Reference Handler" daemon [_thread_blocked, id=9536, stack(0x0000000018aa0000,0x0000000018ba0000)]
  0x0000000002d93800 JavaThread "main" [_thread_in_native, id=7036, stack(0x0000000002720000,0x0000000002820000)]

Other Threads:
  0x0000000017908000 VMThread [stack: 0x00000000189a0000,0x0000000018aa0000] [id=3196]
  0x0000000018d64000 WatcherThread [stack: 0x00000000197b0000,0x00000000198b0000] [id=4404]

VM state:not at safepoint (normal execution)

VM Mutex/Monitor currently owned by a thread: None

heap address: 0x0000000082600000, size: 2010 MB, Compressed Oops mode: 32-bit
Narrow klass base: 0x0000000000000000, Narrow klass shift: 3
Compressed class space size: 1073741824 Address: 0x0000000100000000

Heap:
 PSYoungGen      total 37888K, used 30876K [0x00000000d6200000, 0x00000000d8c00000, 0x0000000100000000)
  eden space 32768K, 94% used [0x00000000d6200000,0x00000000d8027028,0x00000000d8200000)
  from space 5120K, 0% used [0x00000000d8700000,0x00000000d8700000,0x00000000d8c00000)
  to   space 5120K, 0% used [0x00000000d8200000,0x00000000d8200000,0x00000000d8700000)
 ParOldGen       total 86016K, used 0K [0x0000000082600000, 0x0000000087a00000, 0x00000000d6200000)
  object space 86016K, 0% used [0x0000000082600000,0x0000000082600000,0x0000000087a00000)
 Metaspace       used 7482K, capacity 7710K, committed 7808K, reserved 1056768K
  class space    used 821K, capacity 893K, committed 896K, reserved 1048576K

Card table byte_map: [0x0000000012250000,0x0000000012640000] byte_map_base: 0x0000000011e3d000

Marking Bits: (ParMarkBitMap*) 0x0000000070a3af90
 Begin Bits: [0x0000000012ce0000, 0x0000000014c48000)
 End Bits:   [0x0000000014c48000, 0x0000000016bb0000)

Polling page: 0x0000000000b50000

CodeCache: size=245760Kb used=3568Kb max_used=3581Kb free=242191Kb
 bounds [0x0000000002e90000, 0x0000000003220000, 0x0000000011e90000]
 total_blobs=1134 nmethods=823 adapters=224
 compilation: enabled

Compilation events (10 events):
Event: 11.325 Thread 0x0000000018cc5800  820       4       java.sql.SQLWarning::<init> (10 bytes)
Event: 11.330 Thread 0x0000000018cc8800 nmethod 819 0x000000000320f3d0 code [0x000000000320f520, 0x000000000320f698]
Event: 11.333 Thread 0x0000000018cc5800 nmethod 820 0x000000000320cad0 code [0x000000000320cc40, 0x000000000320d188]
Event: 11.340 Thread 0x0000000018cc8800  821  s    4       org.apache.log4j.AppenderSkeleton::doAppend (110 bytes)
Event: 11.340 Thread 0x0000000018cc5800  822       4       org.apache.log4j.helpers.PatternParser$NamedPatternConverter::convert (72 bytes)
Event: 11.342 Thread 0x0000000018cc5800 nmethod 822 0x0000000003206f50 code [0x00000000032070a0, 0x0000000003207158]
Event: 11.342 Thread 0x0000000018cc5800  823       4       org.apache.log4j.helpers.PatternParser$CategoryPatternConverter::getFullyQualifiedName (5 bytes)
Event: 11.344 Thread 0x0000000018cc5800 nmethod 823 0x00000000032008d0 code [0x0000000003200a00, 0x0000000003200a78]
Event: 11.532 Thread 0x0000000018cc5800  824  s    4       java.lang.StringBuffer::toString (36 bytes)
Event: 11.542 Thread 0x0000000018cc5800 nmethod 824 0x000000000320c1d0 code [0x000000000320c320, 0x000000000320c8b8]

GC Heap History (0 events):
No events

Deoptimization events (0 events):
No events

Classes redefined (0 events):
No events

Internal exceptions (10 events):
Event: 1.389 Thread 0x0000000002d93800 Exception <a 'java/lang/ClassNotFoundException': org/apache/log4j/AppenderSkeletonBeanInfo> (0x00000000d6adc258) thrown at [C:\jenkins\workspace\8-2-build-windows-amd64-cygwin\jdk8u251\737\hotspot\src\share\vm\classfile\systemDictionary.cpp, line 210]
Event: 1.391 Thread 0x0000000002d93800 Exception <a 'java/lang/ClassNotFoundException': java/lang/ObjectBeanInfo> (0x00000000d6adf428) thrown at [C:\jenkins\workspace\8-2-build-windows-amd64-cygwin\jdk8u251\737\hotspot\src\share\vm\classfile\systemDictionary.cpp, line 210]
Event: 1.392 Thread 0x0000000002d93800 Exception <a 'java/lang/ClassNotFoundException': java/lang/ObjectCustomizer> (0x00000000d6ae2e80) thrown at [C:\jenkins\workspace\8-2-build-windows-amd64-cygwin\jdk8u251\737\hotspot\src\share\vm\classfile\systemDictionary.cpp, line 210]
Event: 1.397 Thread 0x0000000002d93800 Exception <a 'java/lang/ArrayIndexOutOfBoundsException'> (0x00000000d6aee458) thrown at [C:\jenkins\workspace\8-2-build-windows-amd64-cygwin\jdk8u251\737\hotspot\src\share\vm\runtime\sharedRuntime.cpp, line 605]
Event: 1.399 Thread 0x0000000002d93800 Exception <a 'java/lang/ArrayIndexOutOfBoundsException'> (0x00000000d6af3d58) thrown at [C:\jenkins\workspace\8-2-build-windows-amd64-cygwin\jdk8u251\737\hotspot\src\share\vm\runtime\sharedRuntime.cpp, line 605]
Event: 1.403 Thread 0x0000000002d93800 Exception <a 'java/lang/ArrayIndexOutOfBoundsException'> (0x00000000d6af89a8) thrown at [C:\jenkins\workspace\8-2-build-windows-amd64-cygwin\jdk8u251\737\hotspot\src\share\vm\runtime\sharedRuntime.cpp, line 605]
Event: 1.411 Thread 0x0000000002d93800 Exception <a 'java/lang/ClassNotFoundException': org/apache/log4j/AppenderSkeletonCustomizer> (0x00000000d6b0ccf8) thrown at [C:\jenkins\workspace\8-2-build-windows-amd64-cygwin\jdk8u251\737\hotspot\src\share\vm\classfile\systemDictionary.cpp, line 210]
Event: 1.421 Thread 0x0000000002d93800 Exception <a 'java/lang/ClassNotFoundException': org/apache/log4j/jdbc/JDBCAppenderCustomizer> (0x00000000d6b36900) thrown at [C:\jenkins\workspace\8-2-build-windows-amd64-cygwin\jdk8u251\737\hotspot\src\share\vm\classfile\systemDictionary.cpp, line 210]
Event: 1.782 Thread 0x0000000002d93800 Exception <a 'java/lang/NoSuchFieldError': method resolution failed> (0x00000000d6e23718) thrown at [C:\jenkins\workspace\8-2-build-windows-amd64-cygwin\jdk8u251\737\hotspot\src\share\vm\prims\methodHandles.cpp, line 1167]
Event: 1.789 Thread 0x0000000002d93800 Exception <a 'java/lang/NoSuchFieldError': method resolution failed> (0x00000000d6e31a78) thrown at [C:\jenkins\workspace\8-2-build-windows-amd64-cygwin\jdk8u251\737\hotspot\src\share\vm\prims\methodHandles.cpp, line 1167]

Events (10 events):
Event: 1.878 loading class java/sql/BatchUpdateException
Event: 1.880 loading class java/sql/BatchUpdateException done
Event: 1.889 loading class com/xugu/cloudjdbc/ResultSetList
Event: 1.889 loading class com/xugu/cloudjdbc/ResultSetList done
Event: 1.891 loading class java/sql/SQLWarning
Event: 1.891 loading class java/sql/SQLWarning done
Event: 2.855 Thread 0x0000000002d93800 DEOPT PACKING pc=0x00000000030d93fe sp=0x000000000281ddd0
Event: 2.855 Thread 0x0000000002d93800 DEOPT UNPACKING pc=0x0000000002ed7890 sp=0x000000000281dae0 mode 0
Event: 4.653 Executing VM operation: EnableBiasedLocking
Event: 4.653 Executing VM operation: EnableBiasedLocking done


Dynamic libraries:
0x00007ff7994f0000 - 0x00007ff799527000 	D:\java\1.8\bin\java.exe
0x00007ff888200000 - 0x00007ff8883ed000 	C:\Windows\SYSTEM32\ntdll.dll
0x00007ff8857e0000 - 0x00007ff885893000 	C:\Windows\System32\KERNEL32.DLL
0x00007ff885190000 - 0x00007ff885423000 	C:\Windows\System32\KERNELBASE.dll
0x00007ff885cb0000 - 0x00007ff885d53000 	C:\Windows\System32\ADVAPI32.dll
0x00007ff888000000 - 0x00007ff88809e000 	C:\Windows\System32\msvcrt.dll
0x00007ff8875f0000 - 0x00007ff88768e000 	C:\Windows\System32\sechost.dll
0x00007ff887ed0000 - 0x00007ff887ff2000 	C:\Windows\System32\RPCRT4.dll
0x00007ff8872f0000 - 0x00007ff887487000 	C:\Windows\System32\USER32.dll
0x00007ff884fb0000 - 0x00007ff884fd0000 	C:\Windows\System32\win32u.dll
0x00007ff8857b0000 - 0x00007ff8857d9000 	C:\Windows\System32\GDI32.dll
0x00007ff884fd0000 - 0x00007ff88516a000 	C:\Windows\System32\gdi32full.dll
0x00007ff884e90000 - 0x00007ff884f30000 	C:\Windows\System32\msvcp_win.dll
0x00007ff884d90000 - 0x00007ff884e8a000 	C:\Windows\System32\ucrtbase.dll
0x00007ff870e10000 - 0x00007ff871089000 	C:\Windows\WinSxS\amd64_microsoft.windows.common-controls_6595b64144ccf1df_6.0.17763.348_none_05b73c0a071d7a57\COMCTL32.dll
0x00007ff8858a0000 - 0x00007ff885bcd000 	C:\Windows\System32\combase.dll
0x00007ff884f30000 - 0x00007ff884fae000 	C:\Windows\System32\bcryptPrimitives.dll
0x00007ff885490000 - 0x00007ff8854be000 	C:\Windows\System32\IMM32.DLL
0x0000000070ac0000 - 0x0000000070b92000 	D:\java\1.8\jre\bin\msvcr100.dll
0x0000000070210000 - 0x0000000070abb000 	D:\java\1.8\jre\bin\server\jvm.dll
0x00007ff8854c0000 - 0x00007ff8854c8000 	C:\Windows\System32\PSAPI.DLL
0x00007ff87d0b0000 - 0x00007ff87d0d4000 	C:\Windows\SYSTEM32\WINMM.dll
0x00007ff883e10000 - 0x00007ff883e1a000 	C:\Windows\SYSTEM32\VERSION.dll
0x00007ff867f70000 - 0x00007ff867f79000 	C:\Windows\SYSTEM32\WSOCK32.dll
0x00007ff887280000 - 0x00007ff8872ed000 	C:\Windows\System32\WS2_32.dll
0x00007ff87d080000 - 0x00007ff87d0ad000 	C:\Windows\SYSTEM32\WINMMBASE.dll
0x00007ff884c90000 - 0x00007ff884cda000 	C:\Windows\System32\cfgmgr32.dll
0x00007ff871260000 - 0x00007ff87126f000 	D:\java\1.8\jre\bin\verify.dll
0x00007ff86edd0000 - 0x00007ff86edf9000 	D:\java\1.8\jre\bin\java.dll
0x00007ff86ffb0000 - 0x00007ff86ffd3000 	D:\java\1.8\jre\bin\instrument.dll
0x00007ff86edb0000 - 0x00007ff86edc6000 	D:\java\1.8\jre\bin\zip.dll
0x00007ff885d80000 - 0x00007ff887270000 	C:\Windows\System32\SHELL32.dll
0x00007ff887d90000 - 0x00007ff887e38000 	C:\Windows\System32\shcore.dll
0x00007ff884540000 - 0x00007ff884c8a000 	C:\Windows\System32\windows.storage.dll
0x00007ff8842a0000 - 0x00007ff8842c4000 	C:\Windows\System32\profapi.dll
0x00007ff884200000 - 0x00007ff88425d000 	C:\Windows\System32\powrprof.dll
0x00007ff885430000 - 0x00007ff885482000 	C:\Windows\System32\shlwapi.dll
0x00007ff884280000 - 0x00007ff884291000 	C:\Windows\System32\kernel.appcore.dll
0x00007ff885170000 - 0x00007ff885187000 	C:\Windows\System32\cryptsp.dll
0x00007ff871460000 - 0x00007ff87147a000 	D:\Program Files\IntelliJ IDEA 2018.3.2\bin\breakgen64.dll
0x00007ff86ed90000 - 0x00007ff86edaa000 	D:\java\1.8\jre\bin\net.dll
0x00007ff883a10000 - 0x00007ff883a77000 	C:\Windows\system32\mswsock.dll
0x00007ff845960000 - 0x00007ff845972000 	D:\java\1.8\jre\bin\nio.dll

VM Arguments:
jvm_args: -ea -Didea.test.cyclic.buffer.size=1048576 -javaagent:D:\Program Files\IntelliJ IDEA 2018.3.2\lib\idea_rt.jar=61968:D:\Program Files\IntelliJ IDEA 2018.3.2\bin -Dfile.encoding=UTF-8 
java_command: com.intellij.rt.execution.junit.JUnitStarter -ideVersion5 -junit4 com.ringo.Test1,test4
java_class_path (initial): D:\Program Files\IntelliJ IDEA 2018.3.2\lib\idea_rt.jar;D:\Program Files\IntelliJ IDEA 2018.3.2\plugins\junit\lib\junit-rt.jar;D:\Program Files\IntelliJ IDEA 2018.3.2\plugins\junit\lib\junit5-rt.jar;D:\java\1.8\jre\lib\charsets.jar;D:\java\1.8\jre\lib\deploy.jar;D:\java\1.8\jre\lib\ext\access-bridge-64.jar;D:\java\1.8\jre\lib\ext\cldrdata.jar;D:\java\1.8\jre\lib\ext\dnsns.jar;D:\java\1.8\jre\lib\ext\jaccess.jar;D:\java\1.8\jre\lib\ext\jfxrt.jar;D:\java\1.8\jre\lib\ext\localedata.jar;D:\java\1.8\jre\lib\ext\nashorn.jar;D:\java\1.8\jre\lib\ext\sunec.jar;D:\java\1.8\jre\lib\ext\sunjce_provider.jar;D:\java\1.8\jre\lib\ext\sunmscapi.jar;D:\java\1.8\jre\lib\ext\sunpkcs11.jar;D:\java\1.8\jre\lib\ext\zipfs.jar;D:\java\1.8\jre\lib\javaws.jar;D:\java\1.8\jre\lib\jce.jar;D:\java\1.8\jre\lib\jfr.jar;D:\java\1.8\jre\lib\jfxswt.jar;D:\java\1.8\jre\lib\jsse.jar;D:\java\1.8\jre\lib\management-agent.jar;D:\java\1.8\jre\lib\plugin.jar;D:\java\1.8\jre\lib\resources.jar;D:\java\1.8\jre\lib\rt.jar;D:\project\jul\target\test-classes;D:\project\jul\target\classes;D:\maven-repository\log4j\log4j\1.2.17\log4j-1.2.17.jar;D:\maven-repository\junit\junit\4.11\junit-4.11.jar;D:\maven-repository\org\hamcrest\hamcrest-core\1.3\hamcrest-core-1.3.jar;D:\project\jul\lib\cloudjdbc.jar;D:\Program Files\IntelliJ IDEA 2018.3.2\lib\idea_rt.jar
Launcher Type: SUN_STANDARD

Environment Variables:
JAVA_HOME=D:\java\1.8
CLASSPATH=.;D:\java\1.8\lib
PATH=D:\oracle\bin;C:\Program Files (x86)\Common Files\Oracle\Java\javapath;D:\Program Files\xmanager\Xlpd 6\;D:\Program Files\xmanager\Xftp 6\;D:\Program Files\xshell\;C:\Windows\system32;C:\Windows;C:\Windows\System32\Wbem;C:\Windows\System32\WindowsPowerShell\v1.0\;C:\Windows\System32\OpenSSH\;C:\Program Files (x86)\Intel\Intel(R) Management Engine Components\DAL;C:\Program Files\Intel\Intel(R) Management Engine Components\DAL;D:\Program Files\go\bin;D:\Program Files\Navicat Premium 12\instantclient_12_2;C:\Program Files\Microsoft SQL Server\110\Tools\Binn\;C:\instantclient_11_2;D:\Program Files\mysql\active perl\bin;D:\Program Files\mysql\GnuWin32\bin;D:\mysql-5.7.29-winx64\bin;C:\Program Files\Microsoft SQL Server\120\DTS\Binn\;C:\Program Files\Microsoft SQL Server\Client SDK\ODBC\110\Tools\Binn\;C:\Program Files (x86)\Microsoft SQL Server\120\Tools\Binn\;C:\Program Files\Microsoft SQL Server\120\Tools\Binn\;C:\Program Files (x86)\Microsoft SQL Server\120\Tools\Binn\ManagementStudio\;C:\Program Files (x86)\Microsoft SQL Server\120\DTS\Binn\;D:\MinGW\bin;D:\Program Files\apache-maven-3.6.3\bin;D:\java\1.8\bin;D:\nodejs\;D:\nodejs\node_global;C:\Program Files\dotnet\;C:\Program Files\Microsoft SQL Server\130\Tools\Binn\;C:\Program Files\Microsoft SQL Server\Client SDK\ODBC\170\Tools\Binn\;D:\Program Files\svn\bin;D:\git\Git\cmd;D:\lang\py3.7\Scripts\;D:\lang\py3.7\;C:\Users\Administrator\AppData\Local\Microsoft\WindowsApps;C:\Users\Administrator\go\bin;"D:\java\1.8\bin;D:\java\1.8\jre\bin";;D:\Program Files\PyCharm 2019.1.1\bin;;D:\Program Files\IntelliJ IDEA 2018.3.2\bin;;D:\Program Files\Microsoft VS Code\bin;D:\Program Files\Fiddler;C:\Users\Administrator\AppData\Roaming\npm;C:\Users\Administrator\.dotnet\tools
USERNAME=Administrator
OS=Windows_NT
PROCESSOR_IDENTIFIER=Intel64 Family 6 Model 142 Stepping 11, GenuineIntel



---------------  S Y S T E M  ---------------

OS: Windows 10.0 , 64 bit Build 17763 (10.0.17763.292)

CPU:total 4 (initial active 4) (4 cores per cpu, 2 threads per core) family 6 model 142 stepping 11, cmov, cx8, fxsr, mmx, sse, sse2, sse3, ssse3, sse4.1, sse4.2, popcnt, avx, avx2, aes, clmul, erms, 3dnowpref, lzcnt, ht, tsc, tscinvbit, bmi1, bmi2, adx

Memory: 4k page, physical 8230164k(2029424k free), swap 10327316k(4152k free)

vm_info: Java HotSpot(TM) 64-Bit Server VM (25.251-b08) for windows-amd64 JRE (1.8.0_251-b08), built on Mar 12 2020 06:31:49 by "" with MS VC++ 10.0 (VS2010)

time: Fri Sep 10 11:11:38 2021
timezone: 中国标准时间
elapsed time: 11 seconds (0d 0h 0m 11s)

