九月 09, 2021 4:49:20 下午 com.ringo.AppTest test3
警告: 用户信息:{0},{1}
九月 09, 2021 4:49:21 下午 com.ringo.AppTest test3
严重: hello1
九月 09, 2021 4:49:21 下午 com.ringo.AppTest test3
信息: hello2
九月 09, 2021 4:49:21 下午 com.ringo.AppTest test3
配置: hello6
九月 09, 2021 4:49:21 下午 com.ringo.AppTest test3
详细: 数据库是软件工业的基础
九月 09, 2021 4:50:54 下午 com.ringo.AppTest test3
警告: 用户信息:{0},{1}
九月 09, 2021 4:50:54 下午 com.ringo.AppTest test3
严重: hello1
九月 09, 2021 4:50:54 下午 com.ringo.AppTest test3
信息: hello2
九月 09, 2021 4:50:54 下午 com.ringo.AppTest test3
配置: hello6
九月 09, 2021 4:50:54 下午 com.ringo.AppTest test3
详细: 数据库是软件工业的基础
九月 09, 2021 4:51:45 下午 com.ringo.AppTest test3
详细: 数据库是软件工业的基础
九月 09, 2021 4:51:52 下午 com.ringo.AppTest test3
详细: 数据库是软件工业的基础
九月 09, 2021 4:53:53 下午 com.ringo.AppTest test3
警告: 用户信息:{0},{1}
九月 09, 2021 4:53:53 下午 com.ringo.AppTest test3
严重: hello1
九月 09, 2021 4:53:53 下午 com.ringo.AppTest test3
信息: hello2
九月 09, 2021 4:53:53 下午 com.ringo.AppTest test3
配置: hello6
九月 09, 2021 4:53:53 下午 com.ringo.AppTest test3
详细: 数据库是软件工业的基础
九月 09, 2021 4:57:25 下午 com.ringo.AppTest test3
详细: 数据库是软件工业的基础
九月 09, 2021 4:57:31 下午 com.ringo.AppTest test3
详细: 数据库是软件工业的基础
